f:\masters\nile universty\scientific computing\assignment#1\sourcecode\assignement_proj_2\mass-spring+simulation\mass-spring simulation\debug\clothy.bsc
f:\masters\nile universty\scientific computing\assignment#1\sourcecode\assignement_proj_2\mass-spring+simulation\mass-spring simulation\debug\clothy.pch
f:\masters\nile universty\scientific computing\assignment#1\sourcecode\assignement_proj_2\mass-spring+simulation\mass-spring simulation\debug\vc140.pdb
f:\masters\nile universty\scientific computing\assignment#1\sourcecode\assignement_proj_2\mass-spring+simulation\mass-spring simulation\debug\vc140.idb
f:\masters\nile universty\scientific computing\assignment#1\sourcecode\assignement_proj_2\mass-spring+simulation\mass-spring simulation\debug\stdafx.sbr
f:\masters\nile universty\scientific computing\assignment#1\sourcecode\assignement_proj_2\mass-spring+simulation\mass-spring simulation\debug\stdafx.obj
f:\masters\nile universty\scientific computing\assignment#1\sourcecode\assignement_proj_2\mass-spring+simulation\mass-spring simulation\debug\addspher.sbr
f:\masters\nile universty\scientific computing\assignment#1\sourcecode\assignement_proj_2\mass-spring+simulation\mass-spring simulation\debug\clothy.sbr
f:\masters\nile universty\scientific computing\assignment#1\sourcecode\assignement_proj_2\mass-spring+simulation\mass-spring simulation\debug\loadobj.sbr
f:\masters\nile universty\scientific computing\assignment#1\sourcecode\assignement_proj_2\mass-spring+simulation\mass-spring simulation\debug\mainfrm.sbr
f:\masters\nile universty\scientific computing\assignment#1\sourcecode\assignement_proj_2\mass-spring+simulation\mass-spring simulation\debug\mathdefs.sbr
f:\masters\nile universty\scientific computing\assignment#1\sourcecode\assignement_proj_2\mass-spring+simulation\mass-spring simulation\debug\newcloth.sbr
f:\masters\nile universty\scientific computing\assignment#1\sourcecode\assignement_proj_2\mass-spring+simulation\mass-spring simulation\debug\oglview.sbr
f:\masters\nile universty\scientific computing\assignment#1\sourcecode\assignement_proj_2\mass-spring+simulation\mass-spring simulation\debug\physenv.sbr
f:\masters\nile universty\scientific computing\assignment#1\sourcecode\assignement_proj_2\mass-spring+simulation\mass-spring simulation\debug\setvert.sbr
f:\masters\nile universty\scientific computing\assignment#1\sourcecode\assignement_proj_2\mass-spring+simulation\mass-spring simulation\debug\simprops.sbr
f:\masters\nile universty\scientific computing\assignment#1\sourcecode\assignement_proj_2\mass-spring+simulation\mass-spring simulation\debug\skeleton.sbr
f:\masters\nile universty\scientific computing\assignment#1\sourcecode\assignement_proj_2\mass-spring+simulation\mass-spring simulation\debug\timeprops.sbr
f:\masters\nile universty\scientific computing\assignment#1\sourcecode\assignement_proj_2\mass-spring+simulation\mass-spring simulation\debug\timeprops.obj
f:\masters\nile universty\scientific computing\assignment#1\sourcecode\assignement_proj_2\mass-spring+simulation\mass-spring simulation\debug\skeleton.obj
f:\masters\nile universty\scientific computing\assignment#1\sourcecode\assignement_proj_2\mass-spring+simulation\mass-spring simulation\debug\simprops.obj
f:\masters\nile universty\scientific computing\assignment#1\sourcecode\assignement_proj_2\mass-spring+simulation\mass-spring simulation\debug\setvert.obj
f:\masters\nile universty\scientific computing\assignment#1\sourcecode\assignement_proj_2\mass-spring+simulation\mass-spring simulation\debug\physenv.obj
f:\masters\nile universty\scientific computing\assignment#1\sourcecode\assignement_proj_2\mass-spring+simulation\mass-spring simulation\debug\oglview.obj
f:\masters\nile universty\scientific computing\assignment#1\sourcecode\assignement_proj_2\mass-spring+simulation\mass-spring simulation\debug\newcloth.obj
f:\masters\nile universty\scientific computing\assignment#1\sourcecode\assignement_proj_2\mass-spring+simulation\mass-spring simulation\debug\mathdefs.obj
f:\masters\nile universty\scientific computing\assignment#1\sourcecode\assignement_proj_2\mass-spring+simulation\mass-spring simulation\debug\mainfrm.obj
f:\masters\nile universty\scientific computing\assignment#1\sourcecode\assignement_proj_2\mass-spring+simulation\mass-spring simulation\debug\loadobj.obj
f:\masters\nile universty\scientific computing\assignment#1\sourcecode\assignement_proj_2\mass-spring+simulation\mass-spring simulation\debug\clothy.obj
f:\masters\nile universty\scientific computing\assignment#1\sourcecode\assignement_proj_2\mass-spring+simulation\mass-spring simulation\debug\addspher.obj
f:\masters\nile universty\scientific computing\assignment#1\sourcecode\assignement_proj_2\mass-spring+simulation\mass-spring simulation\debug\cloth simulation.ilk
f:\masters\nile universty\scientific computing\assignment#1\sourcecode\assignement_proj_2\mass-spring+simulation\mass-spring simulation\debug\cloth simulation.exe
f:\masters\nile universty\scientific computing\assignment#1\sourcecode\assignement_proj_2\mass-spring+simulation\mass-spring simulation\debug\cloth.pdb
f:\masters\nile universty\scientific computing\assignment#1\sourcecode\assignement_proj_2\mass-spring+simulation\mass-spring simulation\debug\clothy.res
f:\masters\nile universty\scientific computing\assignment#1\sourcecode\assignement_proj_2\mass-spring+simulation\mass-spring simulation\debug\cloth simulation.tlog\bscmake.command.1.tlog
f:\masters\nile universty\scientific computing\assignment#1\sourcecode\assignement_proj_2\mass-spring+simulation\mass-spring simulation\debug\cloth simulation.tlog\bscmake.read.1.tlog
f:\masters\nile universty\scientific computing\assignment#1\sourcecode\assignement_proj_2\mass-spring+simulation\mass-spring simulation\debug\cloth simulation.tlog\bscmake.write.1.tlog
f:\masters\nile universty\scientific computing\assignment#1\sourcecode\assignement_proj_2\mass-spring+simulation\mass-spring simulation\debug\cloth simulation.tlog\cl.command.1.tlog
f:\masters\nile universty\scientific computing\assignment#1\sourcecode\assignement_proj_2\mass-spring+simulation\mass-spring simulation\debug\cloth simulation.tlog\cl.read.1.tlog
f:\masters\nile universty\scientific computing\assignment#1\sourcecode\assignement_proj_2\mass-spring+simulation\mass-spring simulation\debug\cloth simulation.tlog\cl.write.1.tlog
f:\masters\nile universty\scientific computing\assignment#1\sourcecode\assignement_proj_2\mass-spring+simulation\mass-spring simulation\debug\cloth simulation.tlog\link.command.1.tlog
f:\masters\nile universty\scientific computing\assignment#1\sourcecode\assignement_proj_2\mass-spring+simulation\mass-spring simulation\debug\cloth simulation.tlog\link.read.1.tlog
f:\masters\nile universty\scientific computing\assignment#1\sourcecode\assignement_proj_2\mass-spring+simulation\mass-spring simulation\debug\cloth simulation.tlog\link.write.1.tlog
f:\masters\nile universty\scientific computing\assignment#1\sourcecode\assignement_proj_2\mass-spring+simulation\mass-spring simulation\debug\cloth simulation.tlog\rc.command.1.tlog
f:\masters\nile universty\scientific computing\assignment#1\sourcecode\assignement_proj_2\mass-spring+simulation\mass-spring simulation\debug\cloth simulation.tlog\rc.read.1.tlog
f:\masters\nile universty\scientific computing\assignment#1\sourcecode\assignement_proj_2\mass-spring+simulation\mass-spring simulation\debug\cloth simulation.tlog\rc.write.1.tlog
